<?xml version="1.0" encoding="UTF-8"?>
<!-- Generated by org.testng.reporters.JUnitXMLReporter -->
<testsuite ignored="0" hostname="DESKTOP-123HNUC" failures="0" tests="3" name="Default test" time="4.95" errors="0" timestamp="2024-01-01T15:04:39 IST">
  <testcase classname="com.testclasses.GitHubRepoAutomation" name="createRepoTest" time="3.028"/>
  <testcase classname="com.testclasses.GitHubRepoAutomation" name="getRepos" time="0.525"/>
  <testcase classname="com.testclasses.GitHubRepoAutomation" name="updateAndDeleteRequest" time="1.36"/>
</testsuite> <!-- Default test -->
